Using pre-set license
Built from '2020.3/staging' branch; Version is '2020.3.17f1 (a4537701e4ab) revision 10769271'; Using compiler version '192528614'; Build Type 'Release'
OS: 'Windows 10 Pro; OS build 19043.1415; Version 2009; 64bit' Language: 'es' Physical Memory: 8143 MB
BatchMode: 1, IsHumanControllingUs: 0, StartBugReporterOnCrash: 0, Is64bit: 1, IsPro: 0

COMMAND LINE ARGUMENTS:
C:\Program Files\Unity\Hub\Editor\2020.3.17f1\Editor\Unity.exe
-adb2
-batchMode
-noUpm
-name
AssetImportWorker1
-projectPath
C:/Users/Agustín/Downloads/The survival Game
-logFile
Logs/AssetImportWorker1.log
-srvPort
63093
Successfully changed project path to: C:/Users/Agustín/Downloads/The survival Game
C:/Users/Agustín/Downloads/The survival Game
Using Asset Import Pipeline V2.
Refreshing native plugins compatible for Editor in 89.51 ms, found 2 plugins.
Preloading 0 native plugins for Editor in 0.00 ms.
Initialize engine version: 2020.3.17f1 (a4537701e4ab)
[Subsystems] Discovering subsystems at path C:/Program Files/Unity/Hub/Editor/2020.3.17f1/Editor/Data/Resources/UnitySubsystems
[Subsystems] Discovering subsystems at path C:/Users/Agustín/Downloads/The survival Game/Assets
GfxDevice: creating device client; threaded=0
Direct3D:
    Version:  Direct3D 11.0 [level 10.1]
    Renderer: NVIDIA GeForce 210  (ID=0xa65)
    Vendor:   
    VRAM:     972 MB
    Driver:   21.21.13.4200
Initialize mono
Mono path[0] = 'C:/Program Files/Unity/Hub/Editor/2020.3.17f1/Editor/Data/Managed'
Mono path[1] = 'C:/Program Files/Unity/Hub/Editor/2020.3.17f1/Editor/Data/MonoBleedingEdge/lib/mono/unityjit'
Mono config path = 'C:/Program Files/Unity/Hub/Editor/2020.3.17f1/Editor/Data/MonoBleedingEdge/etc'
Using monoOptions --debugger-agent=transport=dt_socket,embedding=1,server=y,suspend=n,address=127.0.0.1:56808
Begin MonoManager ReloadAssembly
Registering precompiled unity dll's ...
Register platform support module: C:/Program Files/Unity/Hub/Editor/2020.3.17f1/Editor/Data/PlaybackEngines/WebGLSupport/UnityEditor.WebGL.Extensions.dll
Register platform support module: C:/Program Files/Unity/Hub/Editor/2020.3.17f1/Editor/Data/PlaybackEngines/WindowsStandaloneSupport/UnityEditor.WindowsStandalone.Extensions.dll
Registered in 0.003993 seconds.
Native extension for WindowsStandalone target not found
Native extension for WebGL target not found
Refreshing native plugins compatible for Editor in 49.27 ms, found 2 plugins.
Preloading 0 native plugins for Editor in 0.00 ms.
Mono: successfully reloaded assembly
- Completed reload, in 18.205 seconds
Domain Reload Profiling:
	ReloadAssembly (18205ms)
		BeginReloadAssembly (202ms)
			ExecutionOrderSort (0ms)
			DisableScriptedObjects (0ms)
			BackupInstance (0ms)
			ReleaseScriptingObjects (0ms)
			CreateAndSetChildDomain (1ms)
		EndReloadAssembly (574ms)
			LoadAssemblies (190ms)
			RebuildTransferFunctionScriptingTraits (0ms)
			SetupTypeCache (207ms)
			ReleaseScriptCaches (0ms)
			RebuildScriptCaches (41ms)
			SetupLoadedEditorAssemblies (221ms)
				LogAssemblyErrors (0ms)
				InitializePlatformSupportModulesInManaged (7ms)
				SetLoadedEditorAssemblies (0ms)
				RefreshPlugins (49ms)
				BeforeProcessingInitializeOnLoad (22ms)
				ProcessInitializeOnLoadAttributes (103ms)
				ProcessInitializeOnLoadMethodAttributes (39ms)
				AfterProcessingInitializeOnLoad (0ms)
				EditorAssembliesLoaded (0ms)
			ExecutionOrderSort2 (0ms)
			AwakeInstancesAfterBackupRestoration (0ms)
Platform modules already initialized, skipping
Registering precompiled user dll's ...
Registered in 0.007271 seconds.
Begin MonoManager ReloadAssembly
Native extension for WindowsStandalone target not found
Native extension for WebGL target not found
Refreshing native plugins compatible for Editor in 0.91 ms, found 2 plugins.
Preloading 0 native plugins for Editor in 0.00 ms.
Mono: successfully reloaded assembly
- Completed reload, in  2.762 seconds
Domain Reload Profiling:
	ReloadAssembly (2764ms)
		BeginReloadAssembly (235ms)
			ExecutionOrderSort (0ms)
			DisableScriptedObjects (6ms)
			BackupInstance (0ms)
			ReleaseScriptingObjects (0ms)
			CreateAndSetChildDomain (54ms)
		EndReloadAssembly (2418ms)
			LoadAssemblies (229ms)
			RebuildTransferFunctionScriptingTraits (0ms)
			SetupTypeCache (579ms)
			ReleaseScriptCaches (1ms)
			RebuildScriptCaches (69ms)
			SetupLoadedEditorAssemblies (1393ms)
				LogAssemblyErrors (0ms)
				InitializePlatformSupportModulesInManaged (12ms)
				SetLoadedEditorAssemblies (1ms)
				RefreshPlugins (1ms)
				BeforeProcessingInitializeOnLoad (154ms)
				ProcessInitializeOnLoadAttributes (1206ms)
				ProcessInitializeOnLoadMethodAttributes (5ms)
				AfterProcessingInitializeOnLoad (13ms)
				EditorAssembliesLoaded (0ms)
			ExecutionOrderSort2 (0ms)
			AwakeInstancesAfterBackupRestoration (10ms)
Platform modules already initialized, skipping
========================================================================
Worker process is ready to serve import requests
Launched and connected shader compiler UnityShaderCompiler.exe after 0.12 seconds
Refreshing native plugins compatible for Editor in 0.65 ms, found 2 plugins.
Preloading 0 native plugins for Editor in 0.00 ms.
Unloading 1433 Unused Serialized files (Serialized files now loaded: 0)
System memory in use before: 86.4 MB.
System memory in use after: 86.5 MB.

Unloading 18 unused Assets to reduce memory usage. Loaded Objects now: 1896.
Total: 4.143200 ms (FindLiveObjects: 0.207900 ms CreateObjectMapping: 0.042400 ms MarkObjects: 3.617500 ms  DeleteObjects: 0.274000 ms)

AssetImportParameters requested are different than current active one (requested -> active):
  custom:framework-win-MediaFoundation: 216162199b28c13a410421893ffa2e32 -> 
  custom:video-decoder-ogg-theora: a1e56fd34408186e4bbccfd4996cb3dc -> 
  custom:container-muxer-webm: aa71ff27fc2769a1b78a27578f13a17b -> 
  custom:container-demuxer-webm: 4f35f7cbe854078d1ac9338744f61a02 -> 
  custom:container-demuxer-ogg: 62fdf1f143b41e24485cea50d1cbac27 -> 
  custom:video-encoder-webm-vp8: eb34c28f22e8b96e1ab97ce403110664 -> 
  custom:video-decoder-webm-vp8: 9c59270c3fd7afecdb556c50c9e8de78 -> 
  custom:audio-decoder-ogg-vorbis: bf7c407c2cedff20999df2af8eb42d56 -> 
  custom:audio-encoder-webm-vorbis: bf7c407c2cedff20999df2af8eb42d56 -> 
========================================================================
Received Import Request.
  path: Assets/Develoment/Scenes/Main.unity
  artifactKey: Guid(a3ea6b948cb992c41a5b3fbf74da4096) Importer(815301076,1909f56bfc062723c751e8b465ee728b)
Start importing Assets/Develoment/Scenes/Main.unity using Guid(a3ea6b948cb992c41a5b3fbf74da4096) Importer(815301076,1909f56bfc062723c751e8b465ee728b)  -> (artifact id: 'a9764828669a0407b780338b35af4a8b') in 0.020068 seconds 
  Import took 0.023805 seconds .

========================================================================
Received Import Request.
  Time since last request: 8.767224 seconds.
  path: Assets/Develoment/Prefab/Objetos/Mapa/Piedra/Piedra Chica.prefab
  artifactKey: Guid(48a47f5f97d8b1443a3bc4583e2b51e0) Importer(815301076,1909f56bfc062723c751e8b465ee728b)
Start importing Assets/Develoment/Prefab/Objetos/Mapa/Piedra/Piedra Chica.prefab using Guid(48a47f5f97d8b1443a3bc4583e2b51e0) Importer(815301076,1909f56bfc062723c751e8b465ee728b)  -> (artifact id: '68c966039b43c28e28ec623064938dd4') in 0.181416 seconds 
  Import took 0.185227 seconds .

========================================================================
Received Import Request.
  Time since last request: 0.002153 seconds.
  path: Assets/Develoment/Prefab/Objetos/Mapa/Piedra/Piedra Chica.prefab
  artifactKey: Guid(48a47f5f97d8b1443a3bc4583e2b51e0) Importer(815301076,1909f56bfc062723c751e8b465ee728b)
Start importing Assets/Develoment/Prefab/Objetos/Mapa/Piedra/Piedra Chica.prefab using Guid(48a47f5f97d8b1443a3bc4583e2b51e0) Importer(815301076,1909f56bfc062723c751e8b465ee728b)  -> (artifact id: '68c966039b43c28e28ec623064938dd4') in 0.016609 seconds 
  Import took 0.022582 seconds .

========================================================================
Received Import Request.
  Time since last request: 6.206945 seconds.
  path: Assets/Develoment/Prefab/Objetos/Mapa/Piedra/Piedra Grande.prefab
  artifactKey: Guid(4e1cbc0c23df9744392d5f7b49978fe0) Importer(815301076,1909f56bfc062723c751e8b465ee728b)
Start importing Assets/Develoment/Prefab/Objetos/Mapa/Piedra/Piedra Grande.prefab using Guid(4e1cbc0c23df9744392d5f7b49978fe0) Importer(815301076,1909f56bfc062723c751e8b465ee728b)  -> (artifact id: '8cded1a5186ac930062497bf6f21b121') in 0.022861 seconds 
  Import took 0.028222 seconds .

========================================================================
Received Import Request.
  Time since last request: 10.743785 seconds.
  path: Assets/Develoment/Prefab/Objetos/Mapa/Piedra/Piedra Mediana.prefab
  artifactKey: Guid(d76814680ceab2843a82f541ff759c2a) Importer(815301076,1909f56bfc062723c751e8b465ee728b)
Start importing Assets/Develoment/Prefab/Objetos/Mapa/Piedra/Piedra Mediana.prefab using Guid(d76814680ceab2843a82f541ff759c2a) Importer(815301076,1909f56bfc062723c751e8b465ee728b)  -> (artifact id: '347d29a7204816223a6d2a38d581a24c') in 0.019582 seconds 
  Import took 0.023975 seconds .

========================================================================
Received Prepare
Refreshing native plugins compatible for Editor in 11.47 ms, found 2 plugins.
Preloading 0 native plugins for Editor in 0.00 ms.
Unloading 11 Unused Serialized files (Serialized files now loaded: 0)
System memory in use before: 59.8 MB.
System memory in use after: 59.9 MB.

Unloading 11 unused Assets to reduce memory usage. Loaded Objects now: 1903.
Total: 9.747200 ms (FindLiveObjects: 0.321500 ms CreateObjectMapping: 0.075200 ms MarkObjects: 9.308200 ms  DeleteObjects: 0.040700 ms)

AssetImportParameters requested are different than current active one (requested -> active):
  custom:framework-win-MediaFoundation: 216162199b28c13a410421893ffa2e32 -> 
  custom:video-decoder-ogg-theora: a1e56fd34408186e4bbccfd4996cb3dc -> 
  custom:container-muxer-webm: aa71ff27fc2769a1b78a27578f13a17b -> 
  custom:container-demuxer-webm: 4f35f7cbe854078d1ac9338744f61a02 -> 
  custom:container-demuxer-ogg: 62fdf1f143b41e24485cea50d1cbac27 -> 
  custom:video-encoder-webm-vp8: eb34c28f22e8b96e1ab97ce403110664 -> 
  custom:video-decoder-webm-vp8: 9c59270c3fd7afecdb556c50c9e8de78 -> 
  custom:audio-decoder-ogg-vorbis: bf7c407c2cedff20999df2af8eb42d56 -> 
  custom:audio-encoder-webm-vorbis: bf7c407c2cedff20999df2af8eb42d56 -> 
