Using pre-set license
Built from '2020.3/staging' branch; Version is '2020.3.17f1 (a4537701e4ab) revision 10769271'; Using compiler version '192528614'; Build Type 'Release'
OS: 'Windows 10 Pro; OS build 19043.1415; Version 2009; 64bit' Language: 'es' Physical Memory: 8143 MB
BatchMode: 1, IsHumanControllingUs: 0, StartBugReporterOnCrash: 0, Is64bit: 1, IsPro: 0

COMMAND LINE ARGUMENTS:
C:\Program Files\Unity\Hub\Editor\2020.3.17f1\Editor\Unity.exe
-adb2
-batchMode
-noUpm
-name
AssetImportWorker0
-projectPath
C:/Users/Agustín/Downloads/The survival Game
-logFile
Logs/AssetImportWorker0.log
-srvPort
63070
Successfully changed project path to: C:/Users/Agustín/Downloads/The survival Game
C:/Users/Agustín/Downloads/The survival Game
Using Asset Import Pipeline V2.
Refreshing native plugins compatible for Editor in 47.47 ms, found 2 plugins.
Preloading 0 native plugins for Editor in 0.00 ms.
Initialize engine version: 2020.3.17f1 (a4537701e4ab)
[Subsystems] Discovering subsystems at path C:/Program Files/Unity/Hub/Editor/2020.3.17f1/Editor/Data/Resources/UnitySubsystems
[Subsystems] Discovering subsystems at path C:/Users/Agustín/Downloads/The survival Game/Assets
GfxDevice: creating device client; threaded=0
Direct3D:
    Version:  Direct3D 11.0 [level 10.1]
    Renderer: NVIDIA GeForce 210  (ID=0xa65)
    Vendor:   
    VRAM:     972 MB
    Driver:   21.21.13.4200
Initialize mono
Mono path[0] = 'C:/Program Files/Unity/Hub/Editor/2020.3.17f1/Editor/Data/Managed'
Mono path[1] = 'C:/Program Files/Unity/Hub/Editor/2020.3.17f1/Editor/Data/MonoBleedingEdge/lib/mono/unityjit'
Mono config path = 'C:/Program Files/Unity/Hub/Editor/2020.3.17f1/Editor/Data/MonoBleedingEdge/etc'
Using monoOptions --debugger-agent=transport=dt_socket,embedding=1,server=y,suspend=n,address=127.0.0.1:56256
Begin MonoManager ReloadAssembly
Registering precompiled unity dll's ...
Register platform support module: C:/Program Files/Unity/Hub/Editor/2020.3.17f1/Editor/Data/PlaybackEngines/WebGLSupport/UnityEditor.WebGL.Extensions.dll
Register platform support module: C:/Program Files/Unity/Hub/Editor/2020.3.17f1/Editor/Data/PlaybackEngines/WindowsStandaloneSupport/UnityEditor.WindowsStandalone.Extensions.dll
Registered in 0.003983 seconds.
Native extension for WindowsStandalone target not found
Native extension for WebGL target not found
Refreshing native plugins compatible for Editor in 45.89 ms, found 2 plugins.
Preloading 0 native plugins for Editor in 0.00 ms.
Mono: successfully reloaded assembly
- Completed reload, in  1.580 seconds
Domain Reload Profiling:
	ReloadAssembly (1580ms)
		BeginReloadAssembly (72ms)
			ExecutionOrderSort (0ms)
			DisableScriptedObjects (0ms)
			BackupInstance (0ms)
			ReleaseScriptingObjects (0ms)
			CreateAndSetChildDomain (1ms)
		EndReloadAssembly (483ms)
			LoadAssemblies (69ms)
			RebuildTransferFunctionScriptingTraits (0ms)
			SetupTypeCache (172ms)
			ReleaseScriptCaches (0ms)
			RebuildScriptCaches (33ms)
			SetupLoadedEditorAssemblies (194ms)
				LogAssemblyErrors (0ms)
				InitializePlatformSupportModulesInManaged (6ms)
				SetLoadedEditorAssemblies (0ms)
				RefreshPlugins (46ms)
				BeforeProcessingInitializeOnLoad (20ms)
				ProcessInitializeOnLoadAttributes (90ms)
				ProcessInitializeOnLoadMethodAttributes (32ms)
				AfterProcessingInitializeOnLoad (0ms)
				EditorAssembliesLoaded (0ms)
			ExecutionOrderSort2 (0ms)
			AwakeInstancesAfterBackupRestoration (0ms)
Platform modules already initialized, skipping
Registering precompiled user dll's ...
Registered in 0.006822 seconds.
Begin MonoManager ReloadAssembly
Native extension for WindowsStandalone target not found
Native extension for WebGL target not found
Refreshing native plugins compatible for Editor in 0.47 ms, found 2 plugins.
Preloading 0 native plugins for Editor in 0.00 ms.
Mono: successfully reloaded assembly
- Completed reload, in  1.252 seconds
Domain Reload Profiling:
	ReloadAssembly (1253ms)
		BeginReloadAssembly (177ms)
			ExecutionOrderSort (0ms)
			DisableScriptedObjects (6ms)
			BackupInstance (0ms)
			ReleaseScriptingObjects (0ms)
			CreateAndSetChildDomain (20ms)
		EndReloadAssembly (996ms)
			LoadAssemblies (108ms)
			RebuildTransferFunctionScriptingTraits (0ms)
			SetupTypeCache (300ms)
			ReleaseScriptCaches (0ms)
			RebuildScriptCaches (47ms)
			SetupLoadedEditorAssemblies (442ms)
				LogAssemblyErrors (0ms)
				InitializePlatformSupportModulesInManaged (7ms)
				SetLoadedEditorAssemblies (0ms)
				RefreshPlugins (1ms)
				BeforeProcessingInitializeOnLoad (93ms)
				ProcessInitializeOnLoadAttributes (325ms)
				ProcessInitializeOnLoadMethodAttributes (4ms)
				AfterProcessingInitializeOnLoad (11ms)
				EditorAssembliesLoaded (0ms)
			ExecutionOrderSort2 (0ms)
			AwakeInstancesAfterBackupRestoration (8ms)
Platform modules already initialized, skipping
========================================================================
Worker process is ready to serve import requests
Launched and connected shader compiler UnityShaderCompiler.exe after 0.05 seconds
Refreshing native plugins compatible for Editor in 0.51 ms, found 2 plugins.
Preloading 0 native plugins for Editor in 0.00 ms.
Unloading 1433 Unused Serialized files (Serialized files now loaded: 0)
System memory in use before: 85.8 MB.
System memory in use after: 85.9 MB.

Unloading 18 unused Assets to reduce memory usage. Loaded Objects now: 1896.
Total: 3.692700 ms (FindLiveObjects: 0.171000 ms CreateObjectMapping: 0.040800 ms MarkObjects: 3.340200 ms  DeleteObjects: 0.139000 ms)

AssetImportParameters requested are different than current active one (requested -> active):
  custom:framework-win-MediaFoundation: 216162199b28c13a410421893ffa2e32 -> 
  custom:video-decoder-ogg-theora: a1e56fd34408186e4bbccfd4996cb3dc -> 
  custom:container-muxer-webm: aa71ff27fc2769a1b78a27578f13a17b -> 
  custom:container-demuxer-webm: 4f35f7cbe854078d1ac9338744f61a02 -> 
  custom:container-demuxer-ogg: 62fdf1f143b41e24485cea50d1cbac27 -> 
  custom:video-encoder-webm-vp8: eb34c28f22e8b96e1ab97ce403110664 -> 
  custom:video-decoder-webm-vp8: 9c59270c3fd7afecdb556c50c9e8de78 -> 
  custom:audio-decoder-ogg-vorbis: bf7c407c2cedff20999df2af8eb42d56 -> 
  custom:audio-encoder-webm-vorbis: bf7c407c2cedff20999df2af8eb42d56 -> 
========================================================================
Received Import Request.
  path: Assets/Develoment/Test Objects/Transparente.mat
  artifactKey: Guid(145496b05a1d3644e93ed140c5f9f820) Importer(815301076,1909f56bfc062723c751e8b465ee728b)
Start importing Assets/Develoment/Test Objects/Transparente.mat using Guid(145496b05a1d3644e93ed140c5f9f820) Importer(815301076,1909f56bfc062723c751e8b465ee728b)  -> (artifact id: '19dcf1f6f55b127cedcd3a47bd401380') in 0.170803 seconds 
  Import took 0.173598 seconds .

========================================================================
Received Import Request.
  Time since last request: 0.000304 seconds.
  path: Assets/Develoment/Test Objects/cubo raro.png
  artifactKey: Guid(42961fbc5df90f341997c51b39d00a3c) Importer(815301076,1909f56bfc062723c751e8b465ee728b)
Start importing Assets/Develoment/Test Objects/cubo raro.png using Guid(42961fbc5df90f341997c51b39d00a3c) Importer(815301076,1909f56bfc062723c751e8b465ee728b)  -> (artifact id: 'd729035d0b9ef6f5e2bf86102ca31e9a') in 0.067500 seconds 
  Import took 0.070564 seconds .

========================================================================
Received Import Request.
  Time since last request: 0.000386 seconds.
  path: Assets/Develoment/Test Objects/ROJITO.mat
  artifactKey: Guid(90153d6e287bd5749a537c1b6313aa1d) Importer(815301076,1909f56bfc062723c751e8b465ee728b)
Start importing Assets/Develoment/Test Objects/ROJITO.mat using Guid(90153d6e287bd5749a537c1b6313aa1d) Importer(815301076,1909f56bfc062723c751e8b465ee728b)  -> (artifact id: 'bd420146eb11559676b680774529ab3e') in 0.027264 seconds 
  Import took 0.029998 seconds .

========================================================================
Received Import Request.
  Time since last request: 0.000394 seconds.
  path: Assets/Develoment/Test Objects/Construccion.prefab
  artifactKey: Guid(bdcb80e808ce2c84c91a2f88739f9388) Importer(815301076,1909f56bfc062723c751e8b465ee728b)
Start importing Assets/Develoment/Test Objects/Construccion.prefab using Guid(bdcb80e808ce2c84c91a2f88739f9388) Importer(815301076,1909f56bfc062723c751e8b465ee728b)  -> (artifact id: 'bf9b1631c8d70bedd96f22a498513933') in 0.028290 seconds 
  Import took 0.030980 seconds .

========================================================================
Received Import Request.
  Time since last request: 0.000295 seconds.
  path: Assets/Develoment/Test Objects/cubo red.png
  artifactKey: Guid(02e72b2b384fe004a98e7ea14a250be6) Importer(815301076,1909f56bfc062723c751e8b465ee728b)
Start importing Assets/Develoment/Test Objects/cubo red.png using Guid(02e72b2b384fe004a98e7ea14a250be6) Importer(815301076,1909f56bfc062723c751e8b465ee728b)  -> (artifact id: '890c821394f7d46eac681e40072c20d2') in 0.018212 seconds 
  Import took 0.020765 seconds .

========================================================================
Received Import Request.
  Time since last request: 0.000315 seconds.
  path: Assets/Develoment/Test Objects/Cubo.png
  artifactKey: Guid(279c7e3f4255d834b8ce70a6f2fa912f) Importer(815301076,1909f56bfc062723c751e8b465ee728b)
Start importing Assets/Develoment/Test Objects/Cubo.png using Guid(279c7e3f4255d834b8ce70a6f2fa912f) Importer(815301076,1909f56bfc062723c751e8b465ee728b)  -> (artifact id: '950ad634fc502b3077f472b1a84111b3') in 0.025544 seconds 
  Import took 0.028009 seconds .

========================================================================
Received Import Request.
  Time since last request: 0.000415 seconds.
  path: Assets/Develoment/Test Objects/Cube 2.prefab
  artifactKey: Guid(cab8507ab19fdb54b8a146e763c0b4b3) Importer(815301076,1909f56bfc062723c751e8b465ee728b)
Start importing Assets/Develoment/Test Objects/Cube 2.prefab using Guid(cab8507ab19fdb54b8a146e763c0b4b3) Importer(815301076,1909f56bfc062723c751e8b465ee728b)  -> (artifact id: 'a49cb340b6f447b0d8e9b2f6e290f939') in 0.304826 seconds 
  Import took 0.307470 seconds .

========================================================================
Received Import Request.
  Time since last request: 0.000285 seconds.
  path: Assets/Develoment/Test Objects
  artifactKey: Guid(019ff87d55a1a454e91d1052ca03a929) Importer(815301076,1909f56bfc062723c751e8b465ee728b)
Start importing Assets/Develoment/Test Objects using Guid(019ff87d55a1a454e91d1052ca03a929) Importer(815301076,1909f56bfc062723c751e8b465ee728b)  -> (artifact id: 'e5e4b632fc881ef690e7f11e46eb4bf2') in 0.003207 seconds 
  Import took 0.005920 seconds .

========================================================================
Received Import Request.
  Time since last request: 0.000344 seconds.
  path: Assets/Develoment/Test Objects/Cube 6.prefab
  artifactKey: Guid(2150de3e85f7376448c5908526df29e6) Importer(815301076,1909f56bfc062723c751e8b465ee728b)
Start importing Assets/Develoment/Test Objects/Cube 6.prefab using Guid(2150de3e85f7376448c5908526df29e6) Importer(815301076,1909f56bfc062723c751e8b465ee728b)  -> (artifact id: '72276684b22aa1bbd6f705529c3b069f') in 0.026298 seconds 
  Import took 0.029097 seconds .

========================================================================
Received Import Request.
  Time since last request: 0.000668 seconds.
  path: Assets/Develoment/Test Objects/Construible.prefab
  artifactKey: Guid(7d8caf5aaf4927b489584927bbbb4acc) Importer(815301076,1909f56bfc062723c751e8b465ee728b)
Start importing Assets/Develoment/Test Objects/Construible.prefab using Guid(7d8caf5aaf4927b489584927bbbb4acc) Importer(815301076,1909f56bfc062723c751e8b465ee728b)  -> (artifact id: 'e3f822e496935ed8fd8b80f016f7150a') in 0.023017 seconds 
  Import took 0.025950 seconds .

========================================================================
Received Import Request.
  Time since last request: 0.000379 seconds.
  path: Assets/Develoment/Test Objects/cubo stop.png
  artifactKey: Guid(857ba1094edc60440a0e9b1a8500b731) Importer(815301076,1909f56bfc062723c751e8b465ee728b)
Start importing Assets/Develoment/Test Objects/cubo stop.png using Guid(857ba1094edc60440a0e9b1a8500b731) Importer(815301076,1909f56bfc062723c751e8b465ee728b)  -> (artifact id: '54208f9ae45c5f466cb1074b1d01bb80') in 0.029452 seconds 
  Import took 0.032467 seconds .

========================================================================
Received Import Request.
  Time since last request: 0.000400 seconds.
  path: Assets/Develoment/Test Objects/Cube 3.prefab
  artifactKey: Guid(46e0ac7252cf39b42acb461220597591) Importer(815301076,1909f56bfc062723c751e8b465ee728b)
Start importing Assets/Develoment/Test Objects/Cube 3.prefab using Guid(46e0ac7252cf39b42acb461220597591) Importer(815301076,1909f56bfc062723c751e8b465ee728b)  -> (artifact id: 'fefd906b0834f79c5c8f30e61a8451d5') in 0.137557 seconds 
  Import took 0.140909 seconds .

========================================================================
Received Import Request.
  Time since last request: 0.000275 seconds.
  path: Assets/Develoment/Test Objects/cubo gris.png
  artifactKey: Guid(911dfe7846b88c642ab73b83f7c5eca8) Importer(815301076,1909f56bfc062723c751e8b465ee728b)
Start importing Assets/Develoment/Test Objects/cubo gris.png using Guid(911dfe7846b88c642ab73b83f7c5eca8) Importer(815301076,1909f56bfc062723c751e8b465ee728b)  -> (artifact id: 'ccf4fc7304c5ada2539ecceafcb56753') in 0.037845 seconds 
  Import took 0.040256 seconds .

========================================================================
Received Import Request.
  Time since last request: 0.000392 seconds.
  path: Assets/Develoment/Test Objects/Cube.prefab
  artifactKey: Guid(97af56e4126a5ef4485ef9f7134455dd) Importer(815301076,1909f56bfc062723c751e8b465ee728b)
Start importing Assets/Develoment/Test Objects/Cube.prefab using Guid(97af56e4126a5ef4485ef9f7134455dd) Importer(815301076,1909f56bfc062723c751e8b465ee728b)  -> (artifact id: '62110c36031a242b9a55c7badb009a14') in 0.259914 seconds 
  Import took 0.262705 seconds .

========================================================================
Received Import Request.
  Time since last request: 0.000345 seconds.
  path: Assets/Develoment/Test Objects/Cube 5.prefab
  artifactKey: Guid(c97e5cea9170b2f4fb1d56d417bbdd25) Importer(815301076,1909f56bfc062723c751e8b465ee728b)
Start importing Assets/Develoment/Test Objects/Cube 5.prefab using Guid(c97e5cea9170b2f4fb1d56d417bbdd25) Importer(815301076,1909f56bfc062723c751e8b465ee728b)  -> (artifact id: 'ce0a1d7b8ac881a24be8814b39edb93b') in 0.015555 seconds 
  Import took 0.018062 seconds .

========================================================================
Received Import Request.
  Time since last request: 0.000331 seconds.
  path: Assets/Develoment/Test Objects/manzana.png
  artifactKey: Guid(283209dba8f275e40b58300b1ee092c3) Importer(815301076,1909f56bfc062723c751e8b465ee728b)
Start importing Assets/Develoment/Test Objects/manzana.png using Guid(283209dba8f275e40b58300b1ee092c3) Importer(815301076,1909f56bfc062723c751e8b465ee728b)  -> (artifact id: '6aa6b79c486d1243eb40abcd75534080') in 0.024108 seconds 
  Import took 0.026790 seconds .

========================================================================
Received Import Request.
  Time since last request: 0.000364 seconds.
  path: Assets/Develoment/Test Objects/Cube 4.prefab
  artifactKey: Guid(9d49390bb2912de439bb89240e6fd542) Importer(815301076,1909f56bfc062723c751e8b465ee728b)
Start importing Assets/Develoment/Test Objects/Cube 4.prefab using Guid(9d49390bb2912de439bb89240e6fd542) Importer(815301076,1909f56bfc062723c751e8b465ee728b)  -> (artifact id: 'c059e09ef9ce274971a262c43cf2e1ee') in 0.017619 seconds 
  Import took 0.020242 seconds .

========================================================================
Received Import Request.
  Time since last request: 0.226537 seconds.
  path: Assets/Develoment/Materials
  artifactKey: Guid(8b469589c21d4bc44849c50d310bd680) Importer(815301076,1909f56bfc062723c751e8b465ee728b)
Start importing Assets/Develoment/Materials using Guid(8b469589c21d4bc44849c50d310bd680) Importer(815301076,1909f56bfc062723c751e8b465ee728b)  -> (artifact id: 'e95ad403e48fe66e0004e9f8fe18ac44') in 0.004441 seconds 
  Import took 0.007075 seconds .

========================================================================
Received Import Request.
  Time since last request: 0.055774 seconds.
  path: Assets/Develoment/Materials/iron.mat
  artifactKey: Guid(9e4dd409dd679a746aa3b83440dccdbe) Importer(815301076,1909f56bfc062723c751e8b465ee728b)
Start importing Assets/Develoment/Materials/iron.mat using Guid(9e4dd409dd679a746aa3b83440dccdbe) Importer(815301076,1909f56bfc062723c751e8b465ee728b)  -> (artifact id: '66568df8d8170ec4c817bc6966e46179') in 0.019460 seconds 
  Import took 0.022423 seconds .

========================================================================
Received Import Request.
  Time since last request: 0.000293 seconds.
  path: Assets/Develoment/Materials/Pasto.mat
  artifactKey: Guid(319d2a93c6a9e80439d5c06c16e2be78) Importer(815301076,1909f56bfc062723c751e8b465ee728b)
Start importing Assets/Develoment/Materials/Pasto.mat using Guid(319d2a93c6a9e80439d5c06c16e2be78) Importer(815301076,1909f56bfc062723c751e8b465ee728b)  -> (artifact id: 'c4b895aa6fdde1b40768d0d42c9fc0c9') in 0.020075 seconds 
  Import took 0.022364 seconds .

========================================================================
Received Import Request.
  Time since last request: 217.673736 seconds.
  path: Assets/Develoment/Prefab/Objetos/Mapa/Arboles/Albol 5.prefab
  artifactKey: Guid(4996ef13c512c6b4c889cf2b71b1e376) Importer(815301076,1909f56bfc062723c751e8b465ee728b)
Start importing Assets/Develoment/Prefab/Objetos/Mapa/Arboles/Albol 5.prefab using Guid(4996ef13c512c6b4c889cf2b71b1e376) Importer(815301076,1909f56bfc062723c751e8b465ee728b)  -> (artifact id: '1d6646297c50b0c84b7d829e3ede34ac') in 9.119970 seconds 
  Import took 78.504172 seconds .

========================================================================
Received Import Request.
  Time since last request: 0.490826 seconds.
  path: Assets/Develoment/Prefab/Objetos/Mapa/Arboles/Arbol 1.prefab
  artifactKey: Guid(c090fd656f724a84b91a519a22f6538f) Importer(815301076,1909f56bfc062723c751e8b465ee728b)
Start importing Assets/Develoment/Prefab/Objetos/Mapa/Arboles/Arbol 1.prefab using Guid(c090fd656f724a84b91a519a22f6538f) Importer(815301076,1909f56bfc062723c751e8b465ee728b)  -> (artifact id: '18694046af75afabd1dc374d20309b84') in 0.042151 seconds 
  Import took 0.052129 seconds .

========================================================================
Received Import Request.
  Time since last request: 0.000587 seconds.
  path: Assets/Develoment/Prefab/Objetos/Mapa/Arboles/Arbol Manzana.prefab
  artifactKey: Guid(9e6e6f59c2c4d7d46ae7a0990289f500) Importer(815301076,1909f56bfc062723c751e8b465ee728b)
Start importing Assets/Develoment/Prefab/Objetos/Mapa/Arboles/Arbol Manzana.prefab using Guid(9e6e6f59c2c4d7d46ae7a0990289f500) Importer(815301076,1909f56bfc062723c751e8b465ee728b)  -> (artifact id: 'ff2d87bc788dc9c24ca377cce2b3e3ec') in 0.075792 seconds 
  Import took 0.083740 seconds .

========================================================================
Received Import Request.
  Time since last request: 0.000471 seconds.
  path: Assets/Develoment/Prefab/Objetos/Mapa/Arboles/Arbol 4.prefab
  artifactKey: Guid(4343f066989572e41a1a3563bbe552e1) Importer(815301076,1909f56bfc062723c751e8b465ee728b)
Start importing Assets/Develoment/Prefab/Objetos/Mapa/Arboles/Arbol 4.prefab using Guid(4343f066989572e41a1a3563bbe552e1) Importer(815301076,1909f56bfc062723c751e8b465ee728b)  -> (artifact id: 'c541af89710b61035e4151aa3c07f7cf') in 0.041554 seconds 
  Import took 0.050155 seconds .

========================================================================
Received Import Request.
  Time since last request: 0.001403 seconds.
  path: Assets/Develoment/Prefab/Objetos/Mapa/Arboles/Arbol 2.prefab
  artifactKey: Guid(85ce200f7cf8cdd4fa41bfab572677bc) Importer(815301076,1909f56bfc062723c751e8b465ee728b)
Start importing Assets/Develoment/Prefab/Objetos/Mapa/Arboles/Arbol 2.prefab using Guid(85ce200f7cf8cdd4fa41bfab572677bc) Importer(815301076,1909f56bfc062723c751e8b465ee728b)  -> (artifact id: '5bd010271da1e3fa00efaef48ff7790b') in 0.131809 seconds 
  Import took 0.156595 seconds .

========================================================================
Received Import Request.
  Time since last request: 0.000830 seconds.
  path: Assets/Develoment/Prefab/Objetos/Mapa/Arboles/Arbol 1.prefab
  artifactKey: Guid(c090fd656f724a84b91a519a22f6538f) Importer(815301076,1909f56bfc062723c751e8b465ee728b)
Start importing Assets/Develoment/Prefab/Objetos/Mapa/Arboles/Arbol 1.prefab using Guid(c090fd656f724a84b91a519a22f6538f) Importer(815301076,1909f56bfc062723c751e8b465ee728b)  -> (artifact id: '18694046af75afabd1dc374d20309b84') in 0.081499 seconds 
  Import took 0.093803 seconds .

========================================================================
Received Import Request.
  Time since last request: 0.000907 seconds.
  path: Assets/Develoment/Prefab/Objetos/Mapa/Arboles/Arbol 3.prefab
  artifactKey: Guid(0477fe6438b0fb0438f443af993ea185) Importer(815301076,1909f56bfc062723c751e8b465ee728b)
Start importing Assets/Develoment/Prefab/Objetos/Mapa/Arboles/Arbol 3.prefab using Guid(0477fe6438b0fb0438f443af993ea185) Importer(815301076,1909f56bfc062723c751e8b465ee728b)  -> (artifact id: 'ecf6903163540afa10a355c2cdd1fa4c') in 0.098363 seconds 
  Import took 0.123785 seconds .

========================================================================
Received Import Request.
  Time since last request: 0.000608 seconds.
  path: Assets/Develoment/Prefab/Objetos/Mapa/Arboles/Arbol Naranja.prefab
  artifactKey: Guid(2ccfe2253fa51734daf8a5b65b37f155) Importer(815301076,1909f56bfc062723c751e8b465ee728b)
Start importing Assets/Develoment/Prefab/Objetos/Mapa/Arboles/Arbol Naranja.prefab using Guid(2ccfe2253fa51734daf8a5b65b37f155) Importer(815301076,1909f56bfc062723c751e8b465ee728b)  -> (artifact id: 'c74d6db046ee254f784e7f22a0b88bed') in 0.172637 seconds 
  Import took 0.187550 seconds .

========================================================================
Received Prepare
Registering precompiled user dll's ...
Registered in 0.016400 seconds.
Begin MonoManager ReloadAssembly
Native extension for WindowsStandalone target not found
Native extension for WebGL target not found
Refreshing native plugins compatible for Editor in 0.71 ms, found 2 plugins.
Preloading 0 native plugins for Editor in 0.00 ms.
Mono: successfully reloaded assembly
- Completed reload, in  1.599 seconds
Domain Reload Profiling:
	ReloadAssembly (1620ms)
		BeginReloadAssembly (405ms)
			ExecutionOrderSort (0ms)
			DisableScriptedObjects (45ms)
			BackupInstance (0ms)
			ReleaseScriptingObjects (1ms)
			CreateAndSetChildDomain (176ms)
		EndReloadAssembly (1104ms)
			LoadAssemblies (160ms)
			RebuildTransferFunctionScriptingTraits (1ms)
			SetupTypeCache (328ms)
			ReleaseScriptCaches (1ms)
			RebuildScriptCaches (47ms)
			SetupLoadedEditorAssemblies (459ms)
				LogAssemblyErrors (0ms)
				InitializePlatformSupportModulesInManaged (8ms)
				SetLoadedEditorAssemblies (1ms)
				RefreshPlugins (1ms)
				BeforeProcessingInitializeOnLoad (89ms)
				ProcessInitializeOnLoadAttributes (345ms)
				ProcessInitializeOnLoadMethodAttributes (4ms)
				AfterProcessingInitializeOnLoad (11ms)
				EditorAssembliesLoaded (0ms)
			ExecutionOrderSort2 (0ms)
			AwakeInstancesAfterBackupRestoration (9ms)
Platform modules already initialized, skipping
Refreshing native plugins compatible for Editor in 0.54 ms, found 2 plugins.
Preloading 0 native plugins for Editor in 0.00 ms.
Unloading 1407 Unused Serialized files (Serialized files now loaded: 0)
System memory in use before: 87.2 MB.
System memory in use after: 87.3 MB.

Unloading 14 unused Assets to reduce memory usage. Loaded Objects now: 1953.
Total: 11.949600 ms (FindLiveObjects: 0.198900 ms CreateObjectMapping: 0.040100 ms MarkObjects: 11.669200 ms  DeleteObjects: 0.039400 ms)

AssetImportParameters requested are different than current active one (requested -> active):
  custom:framework-win-MediaFoundation: 216162199b28c13a410421893ffa2e32 -> 
  custom:video-decoder-ogg-theora: a1e56fd34408186e4bbccfd4996cb3dc -> 
  custom:container-muxer-webm: aa71ff27fc2769a1b78a27578f13a17b -> 
  custom:container-demuxer-webm: 4f35f7cbe854078d1ac9338744f61a02 -> 
  custom:container-demuxer-ogg: 62fdf1f143b41e24485cea50d1cbac27 -> 
  custom:video-encoder-webm-vp8: eb34c28f22e8b96e1ab97ce403110664 -> 
  custom:video-decoder-webm-vp8: 9c59270c3fd7afecdb556c50c9e8de78 -> 
  custom:audio-decoder-ogg-vorbis: bf7c407c2cedff20999df2af8eb42d56 -> 
  custom:audio-encoder-webm-vorbis: bf7c407c2cedff20999df2af8eb42d56 -> 
========================================================================
Received Prepare
Registering precompiled user dll's ...
Registered in 0.005790 seconds.
Begin MonoManager ReloadAssembly
Native extension for WindowsStandalone target not found
Native extension for WebGL target not found
Refreshing native plugins compatible for Editor in 0.54 ms, found 2 plugins.
Preloading 0 native plugins for Editor in 0.00 ms.
Mono: successfully reloaded assembly
- Completed reload, in  1.182 seconds
Domain Reload Profiling:
	ReloadAssembly (1182ms)
		BeginReloadAssembly (129ms)
			ExecutionOrderSort (0ms)
			DisableScriptedObjects (5ms)
			BackupInstance (0ms)
			ReleaseScriptingObjects (0ms)
			CreateAndSetChildDomain (33ms)
		EndReloadAssembly (973ms)
			LoadAssemblies (109ms)
			RebuildTransferFunctionScriptingTraits (0ms)
			SetupTypeCache (302ms)
			ReleaseScriptCaches (1ms)
			RebuildScriptCaches (40ms)
			SetupLoadedEditorAssemblies (415ms)
				LogAssemblyErrors (0ms)
				InitializePlatformSupportModulesInManaged (8ms)
				SetLoadedEditorAssemblies (1ms)
				RefreshPlugins (1ms)
				BeforeProcessingInitializeOnLoad (86ms)
				ProcessInitializeOnLoadAttributes (304ms)
				ProcessInitializeOnLoadMethodAttributes (4ms)
				AfterProcessingInitializeOnLoad (11ms)
				EditorAssembliesLoaded (0ms)
			ExecutionOrderSort2 (0ms)
			AwakeInstancesAfterBackupRestoration (9ms)
Platform modules already initialized, skipping
Refreshing native plugins compatible for Editor in 0.78 ms, found 2 plugins.
Preloading 0 native plugins for Editor in 0.00 ms.
Unloading 1407 Unused Serialized files (Serialized files now loaded: 0)
System memory in use before: 87.2 MB.
System memory in use after: 87.3 MB.

Unloading 13 unused Assets to reduce memory usage. Loaded Objects now: 1955.
Total: 3.852900 ms (FindLiveObjects: 0.311400 ms CreateObjectMapping: 0.050200 ms MarkObjects: 3.469600 ms  DeleteObjects: 0.020600 ms)

AssetImportParameters requested are different than current active one (requested -> active):
  custom:framework-win-MediaFoundation: 216162199b28c13a410421893ffa2e32 -> 
  custom:video-decoder-ogg-theora: a1e56fd34408186e4bbccfd4996cb3dc -> 
  custom:container-muxer-webm: aa71ff27fc2769a1b78a27578f13a17b -> 
  custom:container-demuxer-webm: 4f35f7cbe854078d1ac9338744f61a02 -> 
  custom:container-demuxer-ogg: 62fdf1f143b41e24485cea50d1cbac27 -> 
  custom:video-encoder-webm-vp8: eb34c28f22e8b96e1ab97ce403110664 -> 
  custom:video-decoder-webm-vp8: 9c59270c3fd7afecdb556c50c9e8de78 -> 
  custom:audio-decoder-ogg-vorbis: bf7c407c2cedff20999df2af8eb42d56 -> 
  custom:audio-encoder-webm-vorbis: bf7c407c2cedff20999df2af8eb42d56 -> 
========================================================================
Received Prepare
Registering precompiled user dll's ...
Registered in 0.005929 seconds.
Begin MonoManager ReloadAssembly
Native extension for WindowsStandalone target not found
Native extension for WebGL target not found
Refreshing native plugins compatible for Editor in 0.65 ms, found 2 plugins.
Preloading 0 native plugins for Editor in 0.00 ms.
Mono: successfully reloaded assembly
- Completed reload, in  1.175 seconds
Domain Reload Profiling:
	ReloadAssembly (1175ms)
		BeginReloadAssembly (140ms)
			ExecutionOrderSort (0ms)
			DisableScriptedObjects (6ms)
			BackupInstance (0ms)
			ReleaseScriptingObjects (0ms)
			CreateAndSetChildDomain (33ms)
		EndReloadAssembly (958ms)
			LoadAssemblies (109ms)
			RebuildTransferFunctionScriptingTraits (0ms)
			SetupTypeCache (286ms)
			ReleaseScriptCaches (1ms)
			RebuildScriptCaches (43ms)
			SetupLoadedEditorAssemblies (414ms)
				LogAssemblyErrors (0ms)
				InitializePlatformSupportModulesInManaged (7ms)
				SetLoadedEditorAssemblies (1ms)
				RefreshPlugins (1ms)
				BeforeProcessingInitializeOnLoad (86ms)
				ProcessInitializeOnLoadAttributes (305ms)
				ProcessInitializeOnLoadMethodAttributes (4ms)
				AfterProcessingInitializeOnLoad (11ms)
				EditorAssembliesLoaded (0ms)
			ExecutionOrderSort2 (0ms)
			AwakeInstancesAfterBackupRestoration (8ms)
Platform modules already initialized, skipping
Refreshing native plugins compatible for Editor in 0.80 ms, found 2 plugins.
Preloading 0 native plugins for Editor in 0.00 ms.
Unloading 1407 Unused Serialized files (Serialized files now loaded: 0)
System memory in use before: 87.2 MB.
System memory in use after: 87.3 MB.

Unloading 13 unused Assets to reduce memory usage. Loaded Objects now: 1957.
Total: 3.110700 ms (FindLiveObjects: 0.173000 ms CreateObjectMapping: 0.040800 ms MarkObjects: 2.878600 ms  DeleteObjects: 0.017300 ms)

AssetImportParameters requested are different than current active one (requested -> active):
  custom:framework-win-MediaFoundation: 216162199b28c13a410421893ffa2e32 -> 
  custom:video-decoder-ogg-theora: a1e56fd34408186e4bbccfd4996cb3dc -> 
  custom:container-muxer-webm: aa71ff27fc2769a1b78a27578f13a17b -> 
  custom:container-demuxer-webm: 4f35f7cbe854078d1ac9338744f61a02 -> 
  custom:container-demuxer-ogg: 62fdf1f143b41e24485cea50d1cbac27 -> 
  custom:video-encoder-webm-vp8: eb34c28f22e8b96e1ab97ce403110664 -> 
  custom:video-decoder-webm-vp8: 9c59270c3fd7afecdb556c50c9e8de78 -> 
  custom:audio-decoder-ogg-vorbis: bf7c407c2cedff20999df2af8eb42d56 -> 
  custom:audio-encoder-webm-vorbis: bf7c407c2cedff20999df2af8eb42d56 -> 
========================================================================
Received Prepare
Registering precompiled user dll's ...
Registered in 0.015420 seconds.
Begin MonoManager ReloadAssembly
Native extension for WindowsStandalone target not found
Native extension for WebGL target not found
Refreshing native plugins compatible for Editor in 0.50 ms, found 2 plugins.
Preloading 0 native plugins for Editor in 0.00 ms.
Mono: successfully reloaded assembly
- Completed reload, in  1.949 seconds
Domain Reload Profiling:
	ReloadAssembly (1963ms)
		BeginReloadAssembly (467ms)
			ExecutionOrderSort (0ms)
			DisableScriptedObjects (64ms)
			BackupInstance (0ms)
			ReleaseScriptingObjects (2ms)
			CreateAndSetChildDomain (218ms)
		EndReloadAssembly (1392ms)
			LoadAssemblies (397ms)
			RebuildTransferFunctionScriptingTraits (0ms)
			SetupTypeCache (326ms)
			ReleaseScriptCaches (32ms)
			RebuildScriptCaches (53ms)
			SetupLoadedEditorAssemblies (464ms)
				LogAssemblyErrors (0ms)
				InitializePlatformSupportModulesInManaged (12ms)
				SetLoadedEditorAssemblies (1ms)
				RefreshPlugins (1ms)
				BeforeProcessingInitializeOnLoad (98ms)
				ProcessInitializeOnLoadAttributes (337ms)
				ProcessInitializeOnLoadMethodAttributes (4ms)
				AfterProcessingInitializeOnLoad (11ms)
				EditorAssembliesLoaded (0ms)
			ExecutionOrderSort2 (0ms)
			AwakeInstancesAfterBackupRestoration (14ms)
Platform modules already initialized, skipping
Refreshing native plugins compatible for Editor in 0.93 ms, found 2 plugins.
Preloading 0 native plugins for Editor in 0.00 ms.
Unloading 1407 Unused Serialized files (Serialized files now loaded: 0)
System memory in use before: 87.2 MB.
System memory in use after: 87.4 MB.

Unloading 13 unused Assets to reduce memory usage. Loaded Objects now: 1959.
Total: 3.733200 ms (FindLiveObjects: 0.243000 ms CreateObjectMapping: 0.039900 ms MarkObjects: 3.425200 ms  DeleteObjects: 0.023200 ms)

AssetImportParameters requested are different than current active one (requested -> active):
  custom:framework-win-MediaFoundation: 216162199b28c13a410421893ffa2e32 -> 
  custom:video-decoder-ogg-theora: a1e56fd34408186e4bbccfd4996cb3dc -> 
  custom:container-muxer-webm: aa71ff27fc2769a1b78a27578f13a17b -> 
  custom:container-demuxer-webm: 4f35f7cbe854078d1ac9338744f61a02 -> 
  custom:container-demuxer-ogg: 62fdf1f143b41e24485cea50d1cbac27 -> 
  custom:video-encoder-webm-vp8: eb34c28f22e8b96e1ab97ce403110664 -> 
  custom:video-decoder-webm-vp8: 9c59270c3fd7afecdb556c50c9e8de78 -> 
  custom:audio-decoder-ogg-vorbis: bf7c407c2cedff20999df2af8eb42d56 -> 
  custom:audio-encoder-webm-vorbis: bf7c407c2cedff20999df2af8eb42d56 -> 
========================================================================
Received Prepare
Registering precompiled user dll's ...
Registered in 0.006131 seconds.
Begin MonoManager ReloadAssembly
Native extension for WindowsStandalone target not found
Native extension for WebGL target not found
Refreshing native plugins compatible for Editor in 0.66 ms, found 2 plugins.
Preloading 0 native plugins for Editor in 0.00 ms.
Mono: successfully reloaded assembly
- Completed reload, in  1.217 seconds
Domain Reload Profiling:
	ReloadAssembly (1218ms)
		BeginReloadAssembly (150ms)
			ExecutionOrderSort (0ms)
			DisableScriptedObjects (5ms)
			BackupInstance (0ms)
			ReleaseScriptingObjects (0ms)
			CreateAndSetChildDomain (41ms)
		EndReloadAssembly (983ms)
			LoadAssemblies (124ms)
			RebuildTransferFunctionScriptingTraits (0ms)
			SetupTypeCache (303ms)
			ReleaseScriptCaches (1ms)
			RebuildScriptCaches (42ms)
			SetupLoadedEditorAssemblies (421ms)
				LogAssemblyErrors (0ms)
				InitializePlatformSupportModulesInManaged (8ms)
				SetLoadedEditorAssemblies (1ms)
				RefreshPlugins (1ms)
				BeforeProcessingInitializeOnLoad (88ms)
				ProcessInitializeOnLoadAttributes (309ms)
				ProcessInitializeOnLoadMethodAttributes (4ms)
				AfterProcessingInitializeOnLoad (11ms)
				EditorAssembliesLoaded (0ms)
			ExecutionOrderSort2 (0ms)
			AwakeInstancesAfterBackupRestoration (8ms)
Platform modules already initialized, skipping
Refreshing native plugins compatible for Editor in 0.79 ms, found 2 plugins.
Preloading 0 native plugins for Editor in 0.00 ms.
Unloading 1407 Unused Serialized files (Serialized files now loaded: 0)
System memory in use before: 87.3 MB.
System memory in use after: 87.4 MB.

Unloading 13 unused Assets to reduce memory usage. Loaded Objects now: 1961.
Total: 5.470600 ms (FindLiveObjects: 0.590500 ms CreateObjectMapping: 0.087300 ms MarkObjects: 4.750600 ms  DeleteObjects: 0.038600 ms)

AssetImportParameters requested are different than current active one (requested -> active):
  custom:framework-win-MediaFoundation: 216162199b28c13a410421893ffa2e32 -> 
  custom:video-decoder-ogg-theora: a1e56fd34408186e4bbccfd4996cb3dc -> 
  custom:container-muxer-webm: aa71ff27fc2769a1b78a27578f13a17b -> 
  custom:container-demuxer-webm: 4f35f7cbe854078d1ac9338744f61a02 -> 
  custom:container-demuxer-ogg: 62fdf1f143b41e24485cea50d1cbac27 -> 
  custom:video-encoder-webm-vp8: eb34c28f22e8b96e1ab97ce403110664 -> 
  custom:video-decoder-webm-vp8: 9c59270c3fd7afecdb556c50c9e8de78 -> 
  custom:audio-decoder-ogg-vorbis: bf7c407c2cedff20999df2af8eb42d56 -> 
  custom:audio-encoder-webm-vorbis: bf7c407c2cedff20999df2af8eb42d56 -> 
========================================================================
Received Prepare
Registering precompiled user dll's ...
Registered in 0.006158 seconds.
Begin MonoManager ReloadAssembly
Native extension for WindowsStandalone target not found
Native extension for WebGL target not found
Refreshing native plugins compatible for Editor in 0.55 ms, found 2 plugins.
Preloading 0 native plugins for Editor in 0.00 ms.
Mono: successfully reloaded assembly
- Completed reload, in  1.212 seconds
Domain Reload Profiling:
	ReloadAssembly (1212ms)
		BeginReloadAssembly (135ms)
			ExecutionOrderSort (0ms)
			DisableScriptedObjects (5ms)
			BackupInstance (0ms)
			ReleaseScriptingObjects (0ms)
			CreateAndSetChildDomain (36ms)
		EndReloadAssembly (996ms)
			LoadAssemblies (112ms)
			RebuildTransferFunctionScriptingTraits (0ms)
			SetupTypeCache (313ms)
			ReleaseScriptCaches (1ms)
			RebuildScriptCaches (42ms)
			SetupLoadedEditorAssemblies (419ms)
				LogAssemblyErrors (0ms)
				InitializePlatformSupportModulesInManaged (8ms)
				SetLoadedEditorAssemblies (1ms)
				RefreshPlugins (1ms)
				BeforeProcessingInitializeOnLoad (92ms)
				ProcessInitializeOnLoadAttributes (302ms)
				ProcessInitializeOnLoadMethodAttributes (4ms)
				AfterProcessingInitializeOnLoad (11ms)
				EditorAssembliesLoaded (0ms)
			ExecutionOrderSort2 (0ms)
			AwakeInstancesAfterBackupRestoration (8ms)
Platform modules already initialized, skipping
Refreshing native plugins compatible for Editor in 0.83 ms, found 2 plugins.
Preloading 0 native plugins for Editor in 0.00 ms.
Unloading 1407 Unused Serialized files (Serialized files now loaded: 0)
System memory in use before: 87.3 MB.
System memory in use after: 87.4 MB.

Unloading 13 unused Assets to reduce memory usage. Loaded Objects now: 1963.
Total: 3.054900 ms (FindLiveObjects: 0.182300 ms CreateObjectMapping: 0.036000 ms MarkObjects: 2.817200 ms  DeleteObjects: 0.018200 ms)

AssetImportParameters requested are different than current active one (requested -> active):
  custom:framework-win-MediaFoundation: 216162199b28c13a410421893ffa2e32 -> 
  custom:video-decoder-ogg-theora: a1e56fd34408186e4bbccfd4996cb3dc -> 
  custom:container-muxer-webm: aa71ff27fc2769a1b78a27578f13a17b -> 
  custom:container-demuxer-webm: 4f35f7cbe854078d1ac9338744f61a02 -> 
  custom:container-demuxer-ogg: 62fdf1f143b41e24485cea50d1cbac27 -> 
  custom:video-encoder-webm-vp8: eb34c28f22e8b96e1ab97ce403110664 -> 
  custom:video-decoder-webm-vp8: 9c59270c3fd7afecdb556c50c9e8de78 -> 
  custom:audio-decoder-ogg-vorbis: bf7c407c2cedff20999df2af8eb42d56 -> 
  custom:audio-encoder-webm-vorbis: bf7c407c2cedff20999df2af8eb42d56 -> 
========================================================================
Received Import Request.
  Time since last request: 14317.671171 seconds.
  path: Assets/Develoment/Sounds/y2mate.com - Los Backyardigans  Náufragos Letra.mp3
  artifactKey: Guid(93d0536e6f0abf24d87981715bbbb20c) Importer(815301076,1909f56bfc062723c751e8b465ee728b)
Start importing Assets/Develoment/Sounds/y2mate.com - Los Backyardigans  Náufragos Letra.mp3 using Guid(93d0536e6f0abf24d87981715bbbb20c) Importer(815301076,1909f56bfc062723c751e8b465ee728b)  -> (artifact id: '51332ae975c105e3e1128a87f38cb9bc') in 0.342302 seconds 
  Import took 0.348892 seconds .

========================================================================
Received Prepare
Registering precompiled user dll's ...
Registered in 0.015273 seconds.
Begin MonoManager ReloadAssembly
Native extension for WindowsStandalone target not found
Native extension for WebGL target not found
Refreshing native plugins compatible for Editor in 0.63 ms, found 2 plugins.
Preloading 0 native plugins for Editor in 0.00 ms.
Mono: successfully reloaded assembly
- Completed reload, in  1.166 seconds
Domain Reload Profiling:
	ReloadAssembly (1167ms)
		BeginReloadAssembly (134ms)
			ExecutionOrderSort (0ms)
			DisableScriptedObjects (5ms)
			BackupInstance (0ms)
			ReleaseScriptingObjects (0ms)
			CreateAndSetChildDomain (39ms)
		EndReloadAssembly (951ms)
			LoadAssemblies (111ms)
			RebuildTransferFunctionScriptingTraits (0ms)
			SetupTypeCache (292ms)
			ReleaseScriptCaches (1ms)
			RebuildScriptCaches (41ms)
			SetupLoadedEditorAssemblies (407ms)
				LogAssemblyErrors (0ms)
				InitializePlatformSupportModulesInManaged (7ms)
				SetLoadedEditorAssemblies (0ms)
				RefreshPlugins (1ms)
				BeforeProcessingInitializeOnLoad (85ms)
				ProcessInitializeOnLoadAttributes (299ms)
				ProcessInitializeOnLoadMethodAttributes (4ms)
				AfterProcessingInitializeOnLoad (11ms)
				EditorAssembliesLoaded (0ms)
			ExecutionOrderSort2 (0ms)
			AwakeInstancesAfterBackupRestoration (7ms)
Platform modules already initialized, skipping
Refreshing native plugins compatible for Editor in 0.56 ms, found 2 plugins.
Preloading 0 native plugins for Editor in 0.00 ms.
Unloading 1407 Unused Serialized files (Serialized files now loaded: 0)
System memory in use before: 87.3 MB.
System memory in use after: 87.4 MB.

Unloading 13 unused Assets to reduce memory usage. Loaded Objects now: 1968.
Total: 3.151800 ms (FindLiveObjects: 0.183200 ms CreateObjectMapping: 0.036400 ms MarkObjects: 2.911700 ms  DeleteObjects: 0.019500 ms)

AssetImportParameters requested are different than current active one (requested -> active):
  custom:framework-win-MediaFoundation: 216162199b28c13a410421893ffa2e32 -> 
  custom:video-decoder-ogg-theora: a1e56fd34408186e4bbccfd4996cb3dc -> 
  custom:container-muxer-webm: aa71ff27fc2769a1b78a27578f13a17b -> 
  custom:container-demuxer-webm: 4f35f7cbe854078d1ac9338744f61a02 -> 
  custom:container-demuxer-ogg: 62fdf1f143b41e24485cea50d1cbac27 -> 
  custom:video-encoder-webm-vp8: eb34c28f22e8b96e1ab97ce403110664 -> 
  custom:video-decoder-webm-vp8: 9c59270c3fd7afecdb556c50c9e8de78 -> 
  custom:audio-decoder-ogg-vorbis: bf7c407c2cedff20999df2af8eb42d56 -> 
  custom:audio-encoder-webm-vorbis: bf7c407c2cedff20999df2af8eb42d56 -> 
